Using pre-set license
Built from '2021.1/staging' branch; Version is '2021.1.7f1 (d91830b65d9b) revision 14227504'; Using compiler version '192528614'; Build Type 'Release'
OS: 'Windows 10 Home; OS build 22621.2715; Version 2009; 64bit' Language: 'zh' Physical Memory: 49016 MB
BatchMode: 1, IsHumanControllingUs: 0, StartBugReporterOnCrash: 0, Is64bit: 1, IsPro: 0

 COMMAND LINE ARGUMENTS:
C:\Program Files\Unity\Hub\Editor\2021.1.7f1\Editor\Unity.exe
-adb2
-batchMode
-noUpm
-name
AssetImportWorker0
-projectPath
C:/Users/whl96/DungeonGunner
-logFile
Logs/AssetImportWorker0.log
-srvPort
1098
Successfully changed project path to: C:/Users/whl96/DungeonGunner
C:/Users/whl96/DungeonGunner
Using Asset Import Pipeline V2.
Refreshing native plugins compatible for Editor in 63.95 ms, found 0 plugins.
Preloading 0 native plugins for Editor in 0.00 ms.
Initialize engine version: 2021.1.7f1 (d91830b65d9b)
[Subsystems] Discovering subsystems at path C:/Program Files/Unity/Hub/Editor/2021.1.7f1/Editor/Data/Resources/UnitySubsystems
[Subsystems] Discovering subsystems at path C:/Users/whl96/DungeonGunner/Assets
GfxDevice: creating device client; threaded=0; jobified=0
Direct3D:
    Version:  Direct3D 11.0 [level 11.1]
    Renderer: NVIDIA GeForce RTX 3060 Ti (ID=0x2489)
    Vendor:   NVIDIA
    VRAM:     8038 MB
    Driver:   31.0.15.3742
Shader 'Universal Render Pipeline/Particles/Lit': fallback shader 'Universal Render Pipeline/Particles/SimpleLit' not found
Initialize mono
Mono path[0] = 'C:/Program Files/Unity/Hub/Editor/2021.1.7f1/Editor/Data/Managed'
Mono path[1] = 'C:/Program Files/Unity/Hub/Editor/2021.1.7f1/Editor/Data/MonoBleedingEdge/lib/mono/unityjit'
Mono config path = 'C:/Program Files/Unity/Hub/Editor/2021.1.7f1/Editor/Data/MonoBleedingEdge/etc'
Using monoOptions --debugger-agent=transport=dt_socket,embedding=1,server=y,suspend=n,address=127.0.0.1:56824
Begin MonoManager ReloadAssembly
Registering precompiled unity dll's ...
Register platform support module: C:/Program Files/Unity/Hub/Editor/2021.1.7f1/Editor/Data/PlaybackEngines/WindowsStandaloneSupport/UnityEditor.WindowsStandalone.Extensions.dll
Registered in 0.001082 seconds.
Native extension for WindowsStandalone target not found
Refreshing native plugins compatible for Editor in 65.20 ms, found 0 plugins.
Preloading 0 native plugins for Editor in 0.00 ms.
Mono: successfully reloaded assembly
- Completed reload, in  1.590 seconds
Platform modules already initialized, skipping
Registering precompiled user dll's ...
Registered in 0.001214 seconds.
Begin MonoManager ReloadAssembly
Native extension for WindowsStandalone target not found
Refreshing native plugins compatible for Editor in 64.47 ms, found 0 plugins.
Preloading 0 native plugins for Editor in 0.00 ms.
Mono: successfully reloaded assembly
- Completed reload, in  0.800 seconds
Platform modules already initialized, skipping
========================================================================
Worker process is ready to serve import requests
Shader 'Universal Render Pipeline/Particles/Lit': fallback shader 'Universal Render Pipeline/Particles/SimpleLit' not found
Launched and connected shader compiler UnityShaderCompiler.exe after 0.05 seconds
Refreshing native plugins compatible for Editor in 1.00 ms, found 0 plugins.
Preloading 0 native plugins for Editor in 0.00 ms.
Unloading 2211 Unused Serialized files (Serialized files now loaded: 0)
System memory in use before: 114.8 MB.
System memory in use after: 114.9 MB.

Unloading 13 unused Assets to reduce memory usage. Loaded Objects now: 2669.
Total: 1.948000 ms (FindLiveObjects: 0.227800 ms CreateObjectMapping: 0.137400 ms MarkObjects: 1.531800 ms  DeleteObjects: 0.050000 ms)

========================================================================
Received Import Request.
  path: Assets/ScriptableObjectAssets/Dungeon/DungeonRoomNodeGraphs/RoomNodeGraph_.asset
  artifactKey: Guid(b77acc02b50a5d34e8f1f272f7efdc64) Importer(815301076,1909f56bfc062723c751e8b465ee728b)
Start importing Assets/ScriptableObjectAssets/Dungeon/DungeonRoomNodeGraphs/RoomNodeGraph_.asset using Guid(b77acc02b50a5d34e8f1f272f7efdc64) Importer(815301076,1909f56bfc062723c751e8b465ee728b)  -> (artifact id: '17ffb14de54971d2e53aebf5b6483454') in 0.041779 seconds 
========================================================================
Received Import Request.
  Time since last request: 9.118502 seconds.
  path: Assets/ScriptableObjectAssets/Dungeon/DungeonRoomNodeGraphs/RoomNodeGraph_.asset
  artifactKey: Guid(b77acc02b50a5d34e8f1f272f7efdc64) Importer(815301076,1909f56bfc062723c751e8b465ee728b)
Start importing Assets/ScriptableObjectAssets/Dungeon/DungeonRoomNodeGraphs/RoomNodeGraph_.asset using Guid(b77acc02b50a5d34e8f1f272f7efdc64) Importer(815301076,1909f56bfc062723c751e8b465ee728b)  -> (artifact id: 'fca8cf8e9769b1ddccd7275022dafbe5') in 0.002011 seconds 
========================================================================
Received Import Request.
  Time since last request: 1.764103 seconds.
  path: Assets/ScriptableObjectAssets/Dungeon/DungeonRoomNodeGraphs/RoomNodeGraph_.asset
  artifactKey: Guid(b77acc02b50a5d34e8f1f272f7efdc64) Importer(815301076,1909f56bfc062723c751e8b465ee728b)
Start importing Assets/ScriptableObjectAssets/Dungeon/DungeonRoomNodeGraphs/RoomNodeGraph_.asset using Guid(b77acc02b50a5d34e8f1f272f7efdc64) Importer(815301076,1909f56bfc062723c751e8b465ee728b)  -> (artifact id: '5a62d8f764c2f6aa1522bdeb2dcaadf5') in 0.003947 seconds 
========================================================================
Received Import Request.
  Time since last request: 17.901845 seconds.
  path: Assets/ScriptableObjectAssets/Dungeon/DungeonRoomNodeGraphs/RoomNodeGraph_.asset
  artifactKey: Guid(b77acc02b50a5d34e8f1f272f7efdc64) Importer(815301076,1909f56bfc062723c751e8b465ee728b)
Start importing Assets/ScriptableObjectAssets/Dungeon/DungeonRoomNodeGraphs/RoomNodeGraph_.asset using Guid(b77acc02b50a5d34e8f1f272f7efdc64) Importer(815301076,1909f56bfc062723c751e8b465ee728b)  -> (artifact id: 'bab8d3a0561456a3ba94c9e9a653bb8e') in 0.006761 seconds 
========================================================================
Received Import Request.
  Time since last request: 24.472120 seconds.
  path: Assets/ScriptableObjectAssets/Dungeon/DungeonRoomNodeGraphs/RoomNodeGraph_.asset
  artifactKey: Guid(b77acc02b50a5d34e8f1f272f7efdc64) Importer(815301076,1909f56bfc062723c751e8b465ee728b)
Start importing Assets/ScriptableObjectAssets/Dungeon/DungeonRoomNodeGraphs/RoomNodeGraph_.asset using Guid(b77acc02b50a5d34e8f1f272f7efdc64) Importer(815301076,1909f56bfc062723c751e8b465ee728b)  -> (artifact id: 'bab91a1d76e84241359e6eeb8718a1de') in 0.003740 seconds 
AssetImportWorkerClient::OnTransportError - code=2 error=End of file
